<?xml version="1.0" encoding="UTF-8"?>
<testsuite name="com.exercise.TruProxyAPI.TruProxyApiDemoApplicationTests" tests="1" skipped="0" failures="0" errors="0" timestamp="2024-05-23T16:04:06" hostname="archihost" time="0.586">
  <properties/>
  <testcase name="contextLoads()" classname="com.exercise.TruProxyAPI.TruProxyApiDemoApplicationTests" time="0.586"/>
  <system-out><![CDATA[17:04:04.780 [Test worker] INFO org.springframework.test.context.support.AnnotationConfigContextLoaderUtils -- Could not detect default configuration classes for test class [com.exercise.TruProxyAPI.TruProxyApiDemoApplicationTests]: TruProxyApiDemoApplicationTests does not declare any static, non-private, non-final, nested classes annotated with @Configuration.
17:04:04.879 [Test worker] INFO org.springframework.boot.test.context.SpringBootTestContextBootstrapper -- Found @SpringBootConfiguration com.exercise.TruProxyAPI.TruProxyApiDemoApplication for test class com.exercise.TruProxyAPI.TruProxyApiDemoApplicationTests

  .   ____          _            __ _ _
 /\\ / ___'_ __ _ _(_)_ __  __ _ \ \ \ \
( ( )\___ | '_ | '_| | '_ \/ _` | \ \ \ \
 \\/  ___)| |_)| | | | | || (_| |  ) ) ) )
  '  |____| .__|_| |_|_| |_\__, | / / / /
 =========|_|==============|___/=/_/_/_/
 :: Spring Boot ::                (v3.2.6)

2024-05-23T17:04:05.173+01:00  INFO 16874 --- [    Test worker] c.e.T.TruProxyApiDemoApplicationTests    : Starting TruProxyApiDemoApplicationTests using Java 17.0.8.1 with PID 16874 (started by leandro in /home/leandro/spring-exercise)
2024-05-23T17:04:05.174+01:00  INFO 16874 --- [    Test worker] c.e.T.TruProxyApiDemoApplicationTests    : No active profile set, falling back to 1 default profile: "default"
2024-05-23T17:04:05.632+01:00  INFO 16874 --- [    Test worker] .s.d.r.c.RepositoryConfigurationDelegate : Bootstrapping Spring Data JDBC repositories in DEFAULT mode.
2024-05-23T17:04:05.645+01:00  INFO 16874 --- [    Test worker] .s.d.r.c.RepositoryConfigurationDelegate : Finished Spring Data repository scanning in 9 ms. Found 0 JDBC repository interfaces.
2024-05-23T17:04:06.506+01:00  INFO 16874 --- [    Test worker] com.zaxxer.hikari.HikariDataSource       : HikariPool-1 - Starting...
2024-05-23T17:04:06.652+01:00  INFO 16874 --- [    Test worker] com.zaxxer.hikari.pool.HikariPool        : HikariPool-1 - Added connection org.postgresql.jdbc.PgConnection@36cfe107
2024-05-23T17:04:06.654+01:00  INFO 16874 --- [    Test worker] com.zaxxer.hikari.HikariDataSource       : HikariPool-1 - Start completed.
2024-05-23T17:04:06.777+01:00  INFO 16874 --- [    Test worker] c.e.T.TruProxyApiDemoApplicationTests    : Started TruProxyApiDemoApplicationTests in 1.799 seconds (process running for 2.605)
]]></system-out>
  <system-err><![CDATA[]]></system-err>
</testsuite>
